2021-05-26 08:54:57,268 INFO PERFORMANCE:|4|4|-1|-1

2021-05-26 08:59:57,281 INFO PERFORMANCE:|4|4|-1|-1

2021-05-26 09:04:57,283 INFO PERFORMANCE:|4|4|-1|-1

2021-05-26 09:09:57,284 INFO PERFORMANCE:|4|4|-1|-1

2021-05-26 09:14:57,285 INFO PERFORMANCE:|4|4|-1|-1

2021-05-26 09:19:57,286 INFO PERFORMANCE:|4|4|-1|-1

2021-05-26 09:24:57,287 INFO PERFORMANCE:|4|4|-1|-1

2021-05-26 09:29:57,288 INFO PERFORMANCE:|4|4|-1|-1

2021-05-26 09:34:57,290 INFO PERFORMANCE:|4|4|-1|-1

2021-05-26 09:39:57,291 INFO PERFORMANCE:|4|4|-1|-1

2021-05-26 09:44:57,292 INFO PERFORMANCE:|4|4|-1|-1

2021-05-26 09:49:57,293 INFO PERFORMANCE:|4|4|-1|-1

2021-05-26 09:54:57,296 INFO PERFORMANCE:|4|4|-1|-1

2021-05-26 09:59:57,296 INFO PERFORMANCE:|4|4|-1|-1

2021-05-26 10:04:57,297 INFO PERFORMANCE:|4|4|-1|-1

2021-05-26 10:09:57,298 INFO PERFORMANCE:|4|4|-1|-1

2021-05-26 10:14:57,299 INFO PERFORMANCE:|4|4|-1|-1

2021-05-26 10:19:57,300 INFO PERFORMANCE:|4|4|-1|-1

2021-05-26 10:24:57,301 INFO PERFORMANCE:|4|4|-1|-1

2021-05-26 10:29:57,303 INFO PERFORMANCE:|4|4|-1|-1

2021-05-26 10:34:57,304 INFO PERFORMANCE:|4|4|-1|-1

2021-05-26 10:39:57,305 INFO PERFORMANCE:|4|4|-1|-1

2021-05-26 10:44:57,306 INFO PERFORMANCE:|4|4|-1|-1

2021-05-26 10:49:57,308 INFO PERFORMANCE:|4|4|-1|-1

2021-05-26 10:54:57,311 INFO PERFORMANCE:|4|4|-1|-1

2021-05-26 10:59:57,312 INFO PERFORMANCE:|4|4|-1|-1

2021-05-26 11:04:57,313 INFO PERFORMANCE:|4|4|-1|-1

2021-05-26 11:09:57,314 INFO PERFORMANCE:|4|4|-1|-1

2021-05-26 11:14:57,315 INFO PERFORMANCE:|4|4|-1|-1

2021-05-26 11:19:57,317 INFO PERFORMANCE:|4|4|-1|-1

2021-05-26 11:24:57,317 INFO PERFORMANCE:|4|4|-1|-1

2021-05-26 11:29:57,319 INFO PERFORMANCE:|4|4|-1|-1

2021-05-26 11:34:57,320 INFO PERFORMANCE:|4|4|-1|-1

2021-05-26 11:39:57,322 INFO PERFORMANCE:|4|4|-1|-1

2021-05-26 11:44:57,323 INFO PERFORMANCE:|4|4|-1|-1

2021-05-26 11:49:57,324 INFO PERFORMANCE:|4|4|-1|-1

2021-05-26 11:54:57,325 INFO PERFORMANCE:|4|4|-1|-1

2021-05-26 11:59:57,326 INFO PERFORMANCE:|4|4|-1|-1

2021-05-26 12:04:57,326 INFO PERFORMANCE:|4|4|-1|-1

2021-05-26 12:09:57,328 INFO PERFORMANCE:|4|4|-1|-1

2021-05-26 12:14:57,328 INFO PERFORMANCE:|4|4|-1|-1

2021-05-26 12:19:57,329 INFO PERFORMANCE:|4|4|-1|-1

2021-05-26 12:24:57,331 INFO PERFORMANCE:|4|4|-1|-1

2021-05-26 12:29:57,332 INFO PERFORMANCE:|4|4|-1|-1

2021-05-26 12:34:57,333 INFO PERFORMANCE:|4|4|-1|-1

2021-05-26 12:39:57,334 INFO PERFORMANCE:|4|4|-1|-1

2021-05-26 12:44:57,336 INFO PERFORMANCE:|4|4|-1|-1

2021-05-26 12:49:57,337 INFO PERFORMANCE:|4|4|-1|-1

2021-05-26 12:54:57,339 INFO PERFORMANCE:|4|4|-1|-1

2021-05-26 12:59:57,341 INFO PERFORMANCE:|4|4|-1|-1

2021-05-26 13:04:57,342 INFO PERFORMANCE:|4|4|-1|-1

2021-05-26 13:09:57,344 INFO PERFORMANCE:|4|4|-1|-1

2021-05-26 13:14:57,346 INFO PERFORMANCE:|4|4|-1|-1

2021-05-26 13:19:57,347 INFO PERFORMANCE:|4|4|-1|-1

2021-05-26 13:24:57,349 INFO PERFORMANCE:|4|4|-1|-1

2021-05-26 13:29:57,350 INFO PERFORMANCE:|4|4|-1|-1

2021-05-26 13:34:57,351 INFO PERFORMANCE:|4|4|-1|-1

2021-05-26 13:39:57,353 INFO PERFORMANCE:|4|4|-1|-1

2021-05-26 13:44:57,355 INFO PERFORMANCE:|4|4|-1|-1

2021-05-26 13:49:57,356 INFO PERFORMANCE:|4|4|-1|-1

2021-05-26 13:54:57,358 INFO PERFORMANCE:|4|4|-1|-1

2021-05-26 13:59:57,388 INFO PERFORMANCE:|4|4|-1|-1

2021-05-26 14:04:57,389 INFO PERFORMANCE:|1|1|-1|-1

2021-05-26 14:09:57,390 INFO PERFORMANCE:|1|1|-1|-1

2021-05-26 14:14:57,391 INFO PERFORMANCE:|1|1|-1|-1

2021-05-26 14:19:57,392 INFO PERFORMANCE:|1|1|-1|-1

2021-05-26 14:24:57,394 INFO PERFORMANCE:|1|1|-1|-1

2021-05-26 14:29:57,395 INFO PERFORMANCE:|1|1|-1|-1

2021-05-26 14:34:57,397 INFO PERFORMANCE:|1|1|-1|-1

2021-05-26 14:39:57,398 INFO PERFORMANCE:|1|1|-1|-1

2021-05-26 14:44:57,399 INFO PERFORMANCE:|1|1|-1|-1

2021-05-26 14:49:57,400 INFO PERFORMANCE:|1|1|-1|-1

2021-05-26 14:54:57,402 INFO PERFORMANCE:|1|1|-1|-1

2021-05-26 14:59:57,403 INFO PERFORMANCE:|1|1|-1|-1

2021-05-26 15:04:57,405 INFO PERFORMANCE:|1|1|-1|-1

2021-05-26 15:09:57,406 INFO PERFORMANCE:|1|1|-1|-1

2021-05-26 15:14:57,408 INFO PERFORMANCE:|1|1|-1|-1

2021-05-26 15:19:57,409 INFO PERFORMANCE:|1|1|-1|-1

2021-05-26 15:24:57,410 INFO PERFORMANCE:|1|1|-1|-1

2021-05-26 15:29:57,411 INFO PERFORMANCE:|1|1|-1|-1

2021-05-26 15:34:57,413 INFO PERFORMANCE:|1|1|-1|-1

2021-05-26 15:39:57,460 INFO PERFORMANCE:|1|1|-1|-1

2021-05-26 15:44:57,485 INFO PERFORMANCE:|1|1|-1|-1

2021-05-26 15:49:57,578 INFO PERFORMANCE:|1|1|-1|-1

2021-05-26 15:54:57,581 INFO PERFORMANCE:|1|1|-1|-1

2021-05-26 15:59:57,582 INFO PERFORMANCE:|1|1|-1|-1

2021-05-26 16:04:57,583 INFO PERFORMANCE:|1|1|-1|-1

2021-05-26 16:09:57,628 INFO PERFORMANCE:|1|1|-1|-1

2021-05-26 16:14:57,628 INFO PERFORMANCE:|1|1|-1|-1

2021-05-26 16:19:57,629 INFO PERFORMANCE:|1|1|-1|-1

2021-05-26 16:24:57,630 INFO PERFORMANCE:|1|1|-1|-1

2021-05-26 16:29:57,631 INFO PERFORMANCE:|1|1|-1|-1

2021-05-26 16:34:57,633 INFO PERFORMANCE:|1|1|-1|-1

2021-05-26 16:39:57,634 INFO PERFORMANCE:|1|1|-1|-1

2021-05-26 16:44:57,636 INFO PERFORMANCE:|1|1|-1|-1

