2021-06-03 15:47:19,452 INFO raft peers changed: [Member{ip='172.19.0.2', port=8848, state=UP, extendInfo={raftPort=7848}}]

2021-06-03 15:47:19,505 INFO initializing Raft sub-system

2021-06-03 15:47:19,506 INFO finish loading all datums, size: 0 cost 1 ms.

2021-06-03 15:47:19,511 INFO cache loaded, datum count: 0, current term: 0

2021-06-03 15:47:19,512 INFO finish to load data from disk, cost: 7 ms.

2021-06-03 15:47:19,517 INFO timer started: leader timeout ms: 15000, heart-beat timeout ms: 5000

2021-06-03 15:47:20,335 INFO add listener: com.alibaba.nacos.naming.domains.meta.00-00---000-NACOS_SWITCH_DOMAIN-000---00-00

2021-06-03 15:47:20,356 INFO add listener: com.alibaba.nacos.naming.domains.meta.

2021-06-03 15:47:24,433 WARN start to close old raft protocol!!!

2021-06-03 15:47:24,433 WARN stop old raft protocol task for notifier

2021-06-03 15:47:24,433 WARN stop old raft protocol task for master task

2021-06-03 15:47:24,433 WARN stop old raft protocol task for heartbeat task

2021-06-03 15:47:24,433 WARN clean old cache datum for old raft

2021-06-03 15:47:24,433 WARN start to close old raft protocol!!!

2021-06-03 15:47:24,433 WARN stop old raft protocol task for notifier

2021-06-03 15:47:24,433 WARN stop old raft protocol task for master task

2021-06-03 15:47:24,433 WARN stop old raft protocol task for heartbeat task

2021-06-03 15:47:24,433 WARN clean old cache datum for old raft

2021-06-03 15:47:24,433 WARN start to move old raft protocol metadata

2021-06-03 15:47:24,434 WARN start to move old raft protocol metadata

2021-06-03 15:51:09,549 INFO raft peers changed: [Member{ip='172.19.0.2', port=8848, state=UP, extendInfo={raftPort=7848}}]

2021-06-03 15:51:09,584 INFO initializing Raft sub-system

2021-06-03 15:51:09,585 INFO finish loading all datums, size: 0 cost 1 ms.

2021-06-03 15:51:09,588 INFO cache loaded, datum count: 0, current term: 0

2021-06-03 15:51:09,588 INFO finish to load data from disk, cost: 4 ms.

2021-06-03 15:51:09,639 INFO timer started: leader timeout ms: 15000, heart-beat timeout ms: 5000

2021-06-03 15:51:09,737 INFO leader timeout, start voting,leader: {"ip":"172.19.0.2:8848","term":0,"leaderDueMs":16554,"heartbeatDueMs":4500,"state":"FOLLOWER"}, term: 0

2021-06-03 15:51:10,453 INFO add listener: com.alibaba.nacos.naming.domains.meta.00-00---000-NACOS_SWITCH_DOMAIN-000---00-00

2021-06-03 15:51:10,478 INFO add listener: com.alibaba.nacos.naming.domains.meta.

2021-06-03 15:51:14,532 WARN start to close old raft protocol!!!

2021-06-03 15:51:14,532 WARN stop old raft protocol task for notifier

2021-06-03 15:51:14,532 WARN stop old raft protocol task for master task

2021-06-03 15:51:14,532 WARN stop old raft protocol task for heartbeat task

2021-06-03 15:51:14,532 WARN clean old cache datum for old raft

2021-06-03 15:51:14,532 WARN start to close old raft protocol!!!

2021-06-03 15:51:14,532 WARN stop old raft protocol task for notifier

2021-06-03 15:51:14,532 WARN stop old raft protocol task for master task

2021-06-03 15:51:14,532 WARN stop old raft protocol task for heartbeat task

2021-06-03 15:51:14,532 WARN clean old cache datum for old raft

2021-06-03 15:51:14,532 WARN start to move old raft protocol metadata

2021-06-03 15:51:14,535 WARN start to move old raft protocol metadata

2021-06-03 15:51:14,536 INFO raft peers changed: [Member{ip='172.19.0.2', port=8848, state=UP, extendInfo={lastRefreshTime=1622706674534, raftPort=7848, version=1.4.2}}]

